<?xml version="1.0" encoding="UTF-8"?>
<!-- Generated by org.testng.reporters.JUnitReportReporter -->
<testsuite hostname="J047DTRV" failures="0" tests="2" name="Tests.Sample1" time="3.168" errors="0" timestamp="2021-10-26T23:09:58 IST" skipped="0">
  <testcase classname="Tests.Sample1" name="Test_2" time="1.167"/>
  <system-out/>
  <testcase classname="Tests.Sample1" name="Test_1" time="2.001"/>
  <system-out/>
</testsuite> <!-- Tests.Sample1 -->
