<?xml version="1.0" encoding="UTF-8"?>
<!-- Generated by org.testng.reporters.JUnitReportReporter -->
<testsuite hostname="J047DTRV" failures="0" tests="3" name="Tests.putPatchDelete" time="4.254" errors="0" timestamp="2021-10-27T16:55:52 IST" skipped="0">
  <testcase classname="Tests.putPatchDelete" name="Patch" time="3.085"/>
  <system-out/>
  <testcase classname="Tests.putPatchDelete" name="delete" time="0.671"/>
  <system-out/>
  <testcase classname="Tests.putPatchDelete" name="Put" time="0.498"/>
  <system-out/>
</testsuite> <!-- Tests.putPatchDelete -->
