<?xml version="1.0" encoding="UTF-8"?>
<!-- Generated by org.testng.reporters.JUnitReportReporter -->
<testsuite hostname="J047DTRV" failures="0" tests="2" name="Tests.getPostExamples" time="2.984" errors="0" timestamp="2021-10-27T15:12:25 IST" skipped="0">
  <testcase classname="Tests.getPostExamples" name="Get" time="2.344"/>
  <system-out/>
  <testcase classname="Tests.getPostExamples" name="Post" time="0.640"/>
  <system-out/>
</testsuite> <!-- Tests.getPostExamples -->
