<?xml version="1.0" encoding="UTF-8"?>
<!-- Generated by org.testng.reporters.JUnitReportReporter -->
<testsuite hostname="J047DTRV" failures="0" tests="1" name="Tests.SOAPXMLRequest" time="3.536" errors="0" timestamp="2021-10-28T14:23:59 IST" skipped="0">
  <testcase classname="Tests.SOAPXMLRequest" name="validateSOAPXML" time="3.536"/>
  <system-out/>
</testsuite> <!-- Tests.SOAPXMLRequest -->
